<?xml version="1.0" encoding="UTF-8"?>
<testsuite xmlns:xsi="http://www.w3.org/2001/XMLSchema-instance" xsi:noNamespaceSchemaLocation="https://maven.apache.org/surefire/maven-surefire-plugin/xsd/surefire-test-report.xsd" name="com.itsz.springboot.tdd.util.MathUtilTest" time="0.683" tests="507" errors="0" skipped="0" failures="0">
  <properties>
[...]
</properties>
  <testcase name="testConvertToDecimalWithInvalidDenominator" classname="com.itsz.springboot.tdd.util.MathUtilTest" time="0"/>
  <testcase name="testGenerateEventNumber{int}[1]" classname="com.itsz.springboot.tdd.util.MathUtilTest" time="0.025"/>
  <testcase name="testGenerateEventNumber{int}[2]" classname="com.itsz.springboot.tdd.util.MathUtilTest" time="0.005"/>
  <testcase name="testGenerateEventNumber{int}[3]" classname="com.itsz.springboot.tdd.util.MathUtilTest" time="0.004"/>
  <testcase name="testGenerateEventNumber{int}[4]" classname="com.itsz.springboot.tdd.util.MathUtilTest" time="0.002"/>
  <testcase name="testGenerateEventNumber{int}[5]" classname="com.itsz.springboot.tdd.util.MathUtilTest" time="0"/>
  <testcase name="testGenerateEventNumber{int}[6]" classname="com.itsz.springboot.tdd.util.MathUtilTest" time="0.001"/>
  <testcase name="testGenerateEventNumber{int}[7]" classname="com.itsz.springboot.tdd.util.MathUtilTest" time="0.004"/>
  <testcase name="testGenerateEventNumber{int}[8]" classname="com.itsz.springboot.tdd.util.MathUtilTest" time="0"/>
  <testcase name="testGenerateEventNumber{int}[9]" classname="com.itsz.springboot.tdd.util.MathUtilTest" time="0"/>
  <testcase name="testGenerateEventNumber{int}[10]" classname="com.itsz.springboot.tdd.util.MathUtilTest" time="0.001"/>
  <testcase name="testGenerateEventNumber{int}[11]" classname="com.itsz.springboot.tdd.util.MathUtilTest" time="0"/>
  <testcase name="testGenerateEventNumber{int}[12]" classname="com.itsz.springboot.tdd.util.MathUtilTest" time="0.001"/>
  <testcase name="testGenerateEventNumber{int}[13]" classname="com.itsz.springboot.tdd.util.MathUtilTest" time="0"/>
  <testcase name="testGenerateEventNumber{int}[14]" classname="com.itsz.springboot.tdd.util.MathUtilTest" time="0"/>
  <testcase name="testGenerateEventNumber{int}[15]" classname="com.itsz.springboot.tdd.util.MathUtilTest" time="0"/>
  <testcase name="testGenerateEventNumber{int}[16]" classname="com.itsz.springboot.tdd.util.MathUtilTest" time="0.001"/>
  <testcase name="testGenerateEventNumber{int}[17]" classname="com.itsz.springboot.tdd.util.MathUtilTest" time="0"/>
  <testcase name="testGenerateEventNumber{int}[18]" classname="com.itsz.springboot.tdd.util.MathUtilTest" time="0"/>
  <testcase name="testGenerateEventNumber{int}[19]" classname="com.itsz.springboot.tdd.util.MathUtilTest" time="0"/>
  <testcase name="testGenerateEventNumber{int}[20]" classname="com.itsz.springboot.tdd.util.MathUtilTest" time="0"/>
  <testcase name="testGenerateEventNumber{int}[21]" classname="com.itsz.springboot.tdd.util.MathUtilTest" time="0"/>
  <testcase name="testGenerateEventNumber{int}[22]" classname="com.itsz.springboot.tdd.util.MathUtilTest" time="0"/>
  <testcase name="testGenerateEventNumber{int}[23]" classname="com.itsz.springboot.tdd.util.MathUtilTest" time="0.002"/>
  <testcase name="testGenerateEventNumber{int}[24]" classname="com.itsz.springboot.tdd.util.MathUtilTest" time="0"/>
  <testcase name="testGenerateEventNumber{int}[25]" classname="com.itsz.springboot.tdd.util.MathUtilTest" time="0"/>
  <testcase name="testGenerateEventNumber{int}[26]" classname="com.itsz.springboot.tdd.util.MathUtilTest" time="0"/>
  <testcase name="testGenerateEventNumber{int}[27]" classname="com.itsz.springboot.tdd.util.MathUtilTest" time="0.002"/>
  <testcase name="testGenerateEventNumber{int}[28]" classname="com.itsz.springboot.tdd.util.MathUtilTest" time="0"/>
  <testcase name="testGenerateEventNumber{int}[29]" classname="com.itsz.springboot.tdd.util.MathUtilTest" time="0"/>
  <testcase name="testGenerateEventNumber{int}[30]" classname="com.itsz.springboot.tdd.util.MathUtilTest" time="0.001"/>
  <testcase name="testGenerateEventNumber{int}[31]" classname="com.itsz.springboot.tdd.util.MathUtilTest" time="0"/>
  <testcase name="testGenerateEventNumber{int}[32]" classname="com.itsz.springboot.tdd.util.MathUtilTest" time="0.002"/>
  <testcase name="testGenerateEventNumber{int}[33]" classname="com.itsz.springboot.tdd.util.MathUtilTest" time="0"/>
  <testcase name="testGenerateEventNumber{int}[34]" classname="com.itsz.springboot.tdd.util.MathUtilTest" time="0"/>
  <testcase name="testGenerateEventNumber{int}[35]" classname="com.itsz.springboot.tdd.util.MathUtilTest" time="0.001"/>
  <testcase name="testGenerateEventNumber{int}[36]" classname="com.itsz.springboot.tdd.util.MathUtilTest" time="0.001"/>
  <testcase name="testGenerateEventNumber{int}[37]" classname="com.itsz.springboot.tdd.util.MathUtilTest" time="0.001"/>
  <testcase name="testGenerateEventNumber{int}[38]" classname="com.itsz.springboot.tdd.util.MathUtilTest" time="0.001"/>
  <testcase name="testGenerateEventNumber{int}[39]" classname="com.itsz.springboot.tdd.util.MathUtilTest" time="0.001"/>
  <testcase name="testGenerateEventNumber{int}[40]" classname="com.itsz.springboot.tdd.util.MathUtilTest" time="0"/>
  <testcase name="testGenerateEventNumber{int}[41]" classname="com.itsz.springboot.tdd.util.MathUtilTest" time="0.002"/>
  <testcase name="testGenerateEventNumber{int}[42]" classname="com.itsz.springboot.tdd.util.MathUtilTest" time="0.002"/>
  <testcase name="testGenerateEventNumber{int}[43]" classname="com.itsz.springboot.tdd.util.MathUtilTest" time="0"/>
  <testcase name="testGenerateEventNumber{int}[44]" classname="com.itsz.springboot.tdd.util.MathUtilTest" time="0"/>
  <testcase name="testGenerateEventNumber{int}[45]" classname="com.itsz.springboot.tdd.util.MathUtilTest" time="0.001"/>
  <testcase name="testGenerateEventNumber{int}[46]" classname="com.itsz.springboot.tdd.util.MathUtilTest" time="0"/>
  <testcase name="testGenerateEventNumber{int}[47]" classname="com.itsz.springboot.tdd.util.MathUtilTest" time="0.001"/>
  <testcase name="testGenerateEventNumber{int}[48]" classname="com.itsz.springboot.tdd.util.MathUtilTest" time="0.001"/>
  <testcase name="testGenerateEventNumber{int}[49]" classname="com.itsz.springboot.tdd.util.MathUtilTest" time="0.001"/>
  <testcase name="testGenerateEventNumber{int}[50]" classname="com.itsz.springboot.tdd.util.MathUtilTest" time="0"/>
  <testcase name="testGenerateEventNumber{int}[51]" classname="com.itsz.springboot.tdd.util.MathUtilTest" time="0.001"/>
  <testcase name="testGenerateEventNumber{int}[52]" classname="com.itsz.springboot.tdd.util.MathUtilTest" time="0"/>
  <testcase name="testGenerateEventNumber{int}[53]" classname="com.itsz.springboot.tdd.util.MathUtilTest" time="0"/>
  <testcase name="testGenerateEventNumber{int}[54]" classname="com.itsz.springboot.tdd.util.MathUtilTest" time="0"/>
  <testcase name="testGenerateEventNumber{int}[55]" classname="com.itsz.springboot.tdd.util.MathUtilTest" time="0"/>
  <testcase name="testGenerateEventNumber{int}[56]" classname="com.itsz.springboot.tdd.util.MathUtilTest" time="0"/>
  <testcase name="testGenerateEventNumber{int}[57]" classname="com.itsz.springboot.tdd.util.MathUtilTest" time="0.002"/>
  <testcase name="testGenerateEventNumber{int}[58]" classname="com.itsz.springboot.tdd.util.MathUtilTest" time="0"/>
  <testcase name="testGenerateEventNumber{int}[59]" classname="com.itsz.springboot.tdd.util.MathUtilTest" time="0"/>
  <testcase name="testGenerateEventNumber{int}[60]" classname="com.itsz.springboot.tdd.util.MathUtilTest" time="0.001"/>
  <testcase name="testGenerateEventNumber{int}[61]" classname="com.itsz.springboot.tdd.util.MathUtilTest" time="0"/>
  <testcase name="testGenerateEventNumber{int}[62]" classname="com.itsz.springboot.tdd.util.MathUtilTest" time="0"/>
  <testcase name="testGenerateEventNumber{int}[63]" classname="com.itsz.springboot.tdd.util.MathUtilTest" time="0.001"/>
  <testcase name="testGenerateEventNumber{int}[64]" classname="com.itsz.springboot.tdd.util.MathUtilTest" time="0"/>
  <testcase name="testGenerateEventNumber{int}[65]" classname="com.itsz.springboot.tdd.util.MathUtilTest" time="0.001"/>
  <testcase name="testGenerateEventNumber{int}[66]" classname="com.itsz.springboot.tdd.util.MathUtilTest" time="0"/>
  <testcase name="testGenerateEventNumber{int}[67]" classname="com.itsz.springboot.tdd.util.MathUtilTest" time="0.001"/>
  <testcase name="testGenerateEventNumber{int}[68]" classname="com.itsz.springboot.tdd.util.MathUtilTest" time="0.001"/>
  <testcase name="testGenerateEventNumber{int}[69]" classname="com.itsz.springboot.tdd.util.MathUtilTest" time="0"/>
  <testcase name="testGenerateEventNumber{int}[70]" classname="com.itsz.springboot.tdd.util.MathUtilTest" time="0"/>
  <testcase name="testGenerateEventNumber{int}[71]" classname="com.itsz.springboot.tdd.util.MathUtilTest" time="0.001"/>
  <testcase name="testGenerateEventNumber{int}[72]" classname="com.itsz.springboot.tdd.util.MathUtilTest" time="0"/>
  <testcase name="testGenerateEventNumber{int}[73]" classname="com.itsz.springboot.tdd.util.MathUtilTest" time="0.001"/>
  <testcase name="testGenerateEventNumber{int}[74]" classname="com.itsz.springboot.tdd.util.MathUtilTest" time="0.001"/>
  <testcase name="testGenerateEventNumber{int}[75]" classname="com.itsz.springboot.tdd.util.MathUtilTest" time="0.008"/>
  <testcase name="testGenerateEventNumber{int}[76]" classname="com.itsz.springboot.tdd.util.MathUtilTest" time="0"/>
  <testcase name="testGenerateEventNumber{int}[77]" classname="com.itsz.springboot.tdd.util.MathUtilTest" time="0"/>
  <testcase name="testGenerateEventNumber{int}[78]" classname="com.itsz.springboot.tdd.util.MathUtilTest" time="0"/>
  <testcase name="testGenerateEventNumber{int}[79]" classname="com.itsz.springboot.tdd.util.MathUtilTest" time="0"/>
  <testcase name="testGenerateEventNumber{int}[80]" classname="com.itsz.springboot.tdd.util.MathUtilTest" time="0"/>
  <testcase name="testGenerateEventNumber{int}[81]" classname="com.itsz.springboot.tdd.util.MathUtilTest" time="0"/>
  <testcase name="testGenerateEventNumber{int}[82]" classname="com.itsz.springboot.tdd.util.MathUtilTest" time="0"/>
  <testcase name="testGenerateEventNumber{int}[83]" classname="com.itsz.springboot.tdd.util.MathUtilTest" time="0"/>
  <testcase name="testGenerateEventNumber{int}[84]" classname="com.itsz.springboot.tdd.util.MathUtilTest" time="0"/>
  <testcase name="testGenerateEventNumber{int}[85]" classname="com.itsz.springboot.tdd.util.MathUtilTest" time="0.002"/>
  <testcase name="testGenerateEventNumber{int}[86]" classname="com.itsz.springboot.tdd.util.MathUtilTest" time="0.001"/>
  <testcase name="testGenerateEventNumber{int}[87]" classname="com.itsz.springboot.tdd.util.MathUtilTest" time="0.005"/>
  <testcase name="testGenerateEventNumber{int}[88]" classname="com.itsz.springboot.tdd.util.MathUtilTest" time="0"/>
  <testcase name="testGenerateEventNumber{int}[89]" classname="com.itsz.springboot.tdd.util.MathUtilTest" time="0"/>
  <testcase name="testGenerateEventNumber{int}[90]" classname="com.itsz.springboot.tdd.util.MathUtilTest" time="0"/>
  <testcase name="testGenerateEventNumber{int}[91]" classname="com.itsz.springboot.tdd.util.MathUtilTest" time="0"/>
  <testcase name="testGenerateEventNumber{int}[92]" classname="com.itsz.springboot.tdd.util.MathUtilTest" time="0"/>
  <testcase name="testGenerateEventNumber{int}[93]" classname="com.itsz.springboot.tdd.util.MathUtilTest" time="0"/>
  <testcase name="testGenerateEventNumber{int}[94]" classname="com.itsz.springboot.tdd.util.MathUtilTest" time="0"/>
  <testcase name="testGenerateEventNumber{int}[95]" classname="com.itsz.springboot.tdd.util.MathUtilTest" time="0.002"/>
  <testcase name="testGenerateEventNumber{int}[96]" classname="com.itsz.springboot.tdd.util.MathUtilTest" time="0"/>
  <testcase name="testGenerateEventNumber{int}[97]" classname="com.itsz.springboot.tdd.util.MathUtilTest" time="0.001"/>
  <testcase name="testGenerateEventNumber{int}[98]" classname="com.itsz.springboot.tdd.util.MathUtilTest" time="0"/>
  <testcase name="testGenerateEventNumber{int}[99]" classname="com.itsz.springboot.tdd.util.MathUtilTest" time="0"/>
  <testcase name="testGenerateEventNumber{int}[100]" classname="com.itsz.springboot.tdd.util.MathUtilTest" time="0.001"/>
  <testcase name="testGenerateEventNumber{int}[101]" classname="com.itsz.springboot.tdd.util.MathUtilTest" time="0.001"/>
  <testcase name="testGenerateEventNumber{int}[102]" classname="com.itsz.springboot.tdd.util.MathUtilTest" time="0"/>
  <testcase name="testGenerateEventNumber{int}[103]" classname="com.itsz.springboot.tdd.util.MathUtilTest" time="0"/>
  <testcase name="testGenerateEventNumber{int}[104]" classname="com.itsz.springboot.tdd.util.MathUtilTest" time="0"/>
  <testcase name="testGenerateEventNumber{int}[105]" classname="com.itsz.springboot.tdd.util.MathUtilTest" time="0"/>
  <testcase name="testGenerateEventNumber{int}[106]" classname="com.itsz.springboot.tdd.util.MathUtilTest" time="0.002"/>
  <testcase name="testGenerateEventNumber{int}[107]" classname="com.itsz.springboot.tdd.util.MathUtilTest" time="0"/>
  <testcase name="testGenerateEventNumber{int}[108]" classname="com.itsz.springboot.tdd.util.MathUtilTest" time="0"/>
  <testcase name="testGenerateEventNumber{int}[109]" classname="com.itsz.springboot.tdd.util.MathUtilTest" time="0"/>
  <testcase name="testGenerateEventNumber{int}[110]" classname="com.itsz.springboot.tdd.util.MathUtilTest" time="0"/>
  <testcase name="testGenerateEventNumber{int}[111]" classname="com.itsz.springboot.tdd.util.MathUtilTest" time="0.001"/>
  <testcase name="testGenerateEventNumber{int}[112]" classname="com.itsz.springboot.tdd.util.MathUtilTest" time="0.001"/>
  <testcase name="testGenerateEventNumber{int}[113]" classname="com.itsz.springboot.tdd.util.MathUtilTest" time="0.001"/>
  <testcase name="testGenerateEventNumber{int}[114]" classname="com.itsz.springboot.tdd.util.MathUtilTest" time="0"/>
  <testcase name="testGenerateEventNumber{int}[115]" classname="com.itsz.springboot.tdd.util.MathUtilTest" time="0"/>
  <testcase name="testGenerateEventNumber{int}[116]" classname="com.itsz.springboot.tdd.util.MathUtilTest" time="0"/>
  <testcase name="testGenerateEventNumber{int}[117]" classname="com.itsz.springboot.tdd.util.MathUtilTest" time="0"/>
  <testcase name="testGenerateEventNumber{int}[118]" classname="com.itsz.springboot.tdd.util.MathUtilTest" time="0"/>
  <testcase name="testGenerateEventNumber{int}[119]" classname="com.itsz.springboot.tdd.util.MathUtilTest" time="0"/>
  <testcase name="testGenerateEventNumber{int}[120]" classname="com.itsz.springboot.tdd.util.MathUtilTest" time="0"/>
  <testcase name="testGenerateEventNumber{int}[121]" classname="com.itsz.springboot.tdd.util.MathUtilTest" time="0.003"/>
  <testcase name="testGenerateEventNumber{int}[122]" classname="com.itsz.springboot.tdd.util.MathUtilTest" time="0.002"/>
  <testcase name="testGenerateEventNumber{int}[123]" classname="com.itsz.springboot.tdd.util.MathUtilTest" time="0"/>
  <testcase name="testGenerateEventNumber{int}[124]" classname="com.itsz.springboot.tdd.util.MathUtilTest" time="0"/>
  <testcase name="testGenerateEventNumber{int}[125]" classname="com.itsz.springboot.tdd.util.MathUtilTest" time="0.001"/>
  <testcase name="testGenerateEventNumber{int}[126]" classname="com.itsz.springboot.tdd.util.MathUtilTest" time="0"/>
  <testcase name="testGenerateEventNumber{int}[127]" classname="com.itsz.springboot.tdd.util.MathUtilTest" time="0"/>
  <testcase name="testGenerateEventNumber{int}[128]" classname="com.itsz.springboot.tdd.util.MathUtilTest" time="0.001"/>
  <testcase name="testGenerateEventNumber{int}[129]" classname="com.itsz.springboot.tdd.util.MathUtilTest" time="0"/>
  <testcase name="testGenerateEventNumber{int}[130]" classname="com.itsz.springboot.tdd.util.MathUtilTest" time="0"/>
  <testcase name="testGenerateEventNumber{int}[131]" classname="com.itsz.springboot.tdd.util.MathUtilTest" time="0"/>
  <testcase name="testGenerateEventNumber{int}[132]" classname="com.itsz.springboot.tdd.util.MathUtilTest" time="0.001"/>
  <testcase name="testGenerateEventNumber{int}[133]" classname="com.itsz.springboot.tdd.util.MathUtilTest" time="0"/>
  <testcase name="testGenerateEventNumber{int}[134]" classname="com.itsz.springboot.tdd.util.MathUtilTest" time="0"/>
  <testcase name="testGenerateEventNumber{int}[135]" classname="com.itsz.springboot.tdd.util.MathUtilTest" time="0"/>
  <testcase name="testGenerateEventNumber{int}[136]" classname="com.itsz.springboot.tdd.util.MathUtilTest" time="0"/>
  <testcase name="testGenerateEventNumber{int}[137]" classname="com.itsz.springboot.tdd.util.MathUtilTest" time="0"/>
  <testcase name="testGenerateEventNumber{int}[138]" classname="com.itsz.springboot.tdd.util.MathUtilTest" time="0"/>
  <testcase name="testGenerateEventNumber{int}[139]" classname="com.itsz.springboot.tdd.util.MathUtilTest" time="0"/>
  <testcase name="testGenerateEventNumber{int}[140]" classname="com.itsz.springboot.tdd.util.MathUtilTest" time="0"/>
  <testcase name="testGenerateEventNumber{int}[141]" classname="com.itsz.springboot.tdd.util.MathUtilTest" time="0"/>
  <testcase name="testGenerateEventNumber{int}[142]" classname="com.itsz.springboot.tdd.util.MathUtilTest" time="0.001"/>
  <testcase name="testGenerateEventNumber{int}[143]" classname="com.itsz.springboot.tdd.util.MathUtilTest" time="0"/>
  <testcase name="testGenerateEventNumber{int}[144]" classname="com.itsz.springboot.tdd.util.MathUtilTest" time="0"/>
  <testcase name="testGenerateEventNumber{int}[145]" classname="com.itsz.springboot.tdd.util.MathUtilTest" time="0"/>
  <testcase name="testGenerateEventNumber{int}[146]" classname="com.itsz.springboot.tdd.util.MathUtilTest" time="0"/>
  <testcase name="testGenerateEventNumber{int}[147]" classname="com.itsz.springboot.tdd.util.MathUtilTest" time="0"/>
  <testcase name="testGenerateEventNumber{int}[148]" classname="com.itsz.springboot.tdd.util.MathUtilTest" time="0"/>
  <testcase name="testGenerateEventNumber{int}[149]" classname="com.itsz.springboot.tdd.util.MathUtilTest" time="0"/>
  <testcase name="testGenerateEventNumber{int}[150]" classname="com.itsz.springboot.tdd.util.MathUtilTest" time="0"/>
  <testcase name="testGenerateEventNumber{int}[151]" classname="com.itsz.springboot.tdd.util.MathUtilTest" time="0"/>
  <testcase name="testGenerateEventNumber{int}[152]" classname="com.itsz.springboot.tdd.util.MathUtilTest" time="0"/>
  <testcase name="testGenerateEventNumber{int}[153]" classname="com.itsz.springboot.tdd.util.MathUtilTest" time="0"/>
  <testcase name="testGenerateEventNumber{int}[154]" classname="com.itsz.springboot.tdd.util.MathUtilTest" time="0"/>
  <testcase name="testGenerateEventNumber{int}[155]" classname="com.itsz.springboot.tdd.util.MathUtilTest" time="0"/>
  <testcase name="testGenerateEventNumber{int}[156]" classname="com.itsz.springboot.tdd.util.MathUtilTest" time="0"/>
  <testcase name="testGenerateEventNumber{int}[157]" classname="com.itsz.springboot.tdd.util.MathUtilTest" time="0"/>
  <testcase name="testGenerateEventNumber{int}[158]" classname="com.itsz.springboot.tdd.util.MathUtilTest" time="0"/>
  <testcase name="testGenerateEventNumber{int}[159]" classname="com.itsz.springboot.tdd.util.MathUtilTest" time="0"/>
  <testcase name="testGenerateEventNumber{int}[160]" classname="com.itsz.springboot.tdd.util.MathUtilTest" time="0"/>
  <testcase name="testGenerateEventNumber{int}[161]" classname="com.itsz.springboot.tdd.util.MathUtilTest" time="0"/>
  <testcase name="testGenerateEventNumber{int}[162]" classname="com.itsz.springboot.tdd.util.MathUtilTest" time="0"/>
  <testcase name="testGenerateEventNumber{int}[163]" classname="com.itsz.springboot.tdd.util.MathUtilTest" time="0"/>
  <testcase name="testGenerateEventNumber{int}[164]" classname="com.itsz.springboot.tdd.util.MathUtilTest" time="0"/>
  <testcase name="testGenerateEventNumber{int}[165]" classname="com.itsz.springboot.tdd.util.MathUtilTest" time="0"/>
  <testcase name="testGenerateEventNumber{int}[166]" classname="com.itsz.springboot.tdd.util.MathUtilTest" time="0"/>
  <testcase name="testGenerateEventNumber{int}[167]" classname="com.itsz.springboot.tdd.util.MathUtilTest" time="0"/>
  <testcase name="testGenerateEventNumber{int}[168]" classname="com.itsz.springboot.tdd.util.MathUtilTest" time="0"/>
  <testcase name="testGenerateEventNumber{int}[169]" classname="com.itsz.springboot.tdd.util.MathUtilTest" time="0"/>
  <testcase name="testGenerateEventNumber{int}[170]" classname="com.itsz.springboot.tdd.util.MathUtilTest" time="0.001"/>
  <testcase name="testGenerateEventNumber{int}[171]" classname="com.itsz.springboot.tdd.util.MathUtilTest" time="0.003"/>
  <testcase name="testGenerateEventNumber{int}[172]" classname="com.itsz.springboot.tdd.util.MathUtilTest" time="0"/>
  <testcase name="testGenerateEventNumber{int}[173]" classname="com.itsz.springboot.tdd.util.MathUtilTest" time="0.001"/>
  <testcase name="testGenerateEventNumber{int}[174]" classname="com.itsz.springboot.tdd.util.MathUtilTest" time="0"/>
  <testcase name="testGenerateEventNumber{int}[175]" classname="com.itsz.springboot.tdd.util.MathUtilTest" time="0"/>
  <testcase name="testGenerateEventNumber{int}[176]" classname="com.itsz.springboot.tdd.util.MathUtilTest" time="0"/>
  <testcase name="testGenerateEventNumber{int}[177]" classname="com.itsz.springboot.tdd.util.MathUtilTest" time="0"/>
  <testcase name="testGenerateEventNumber{int}[178]" classname="com.itsz.springboot.tdd.util.MathUtilTest" time="0.002"/>
  <testcase name="testGenerateEventNumber{int}[179]" classname="com.itsz.springboot.tdd.util.MathUtilTest" time="0.002"/>
  <testcase name="testGenerateEventNumber{int}[180]" classname="com.itsz.springboot.tdd.util.MathUtilTest" time="0"/>
  <testcase name="testGenerateEventNumber{int}[181]" classname="com.itsz.springboot.tdd.util.MathUtilTest" time="0.001"/>
  <testcase name="testGenerateEventNumber{int}[182]" classname="com.itsz.springboot.tdd.util.MathUtilTest" time="0.001"/>
  <testcase name="testGenerateEventNumber{int}[183]" classname="com.itsz.springboot.tdd.util.MathUtilTest" time="0.002"/>
  <testcase name="testGenerateEventNumber{int}[184]" classname="com.itsz.springboot.tdd.util.MathUtilTest" time="0.001"/>
  <testcase name="testGenerateEventNumber{int}[185]" classname="com.itsz.springboot.tdd.util.MathUtilTest" time="0"/>
  <testcase name="testGenerateEventNumber{int}[186]" classname="com.itsz.springboot.tdd.util.MathUtilTest" time="0.001"/>
  <testcase name="testGenerateEventNumber{int}[187]" classname="com.itsz.springboot.tdd.util.MathUtilTest" time="0.001"/>
  <testcase name="testGenerateEventNumber{int}[188]" classname="com.itsz.springboot.tdd.util.MathUtilTest" time="0.001"/>
  <testcase name="testGenerateEventNumber{int}[189]" classname="com.itsz.springboot.tdd.util.MathUtilTest" time="0"/>
  <testcase name="testGenerateEventNumber{int}[190]" classname="com.itsz.springboot.tdd.util.MathUtilTest" time="0"/>
  <testcase name="testGenerateEventNumber{int}[191]" classname="com.itsz.springboot.tdd.util.MathUtilTest" time="0"/>
  <testcase name="testGenerateEventNumber{int}[192]" classname="com.itsz.springboot.tdd.util.MathUtilTest" time="0"/>
  <testcase name="testGenerateEventNumber{int}[193]" classname="com.itsz.springboot.tdd.util.MathUtilTest" time="0"/>
  <testcase name="testGenerateEventNumber{int}[194]" classname="com.itsz.springboot.tdd.util.MathUtilTest" time="0"/>
  <testcase name="testGenerateEventNumber{int}[195]" classname="com.itsz.springboot.tdd.util.MathUtilTest" time="0"/>
  <testcase name="testGenerateEventNumber{int}[196]" classname="com.itsz.springboot.tdd.util.MathUtilTest" time="0.001"/>
  <testcase name="testGenerateEventNumber{int}[197]" classname="com.itsz.springboot.tdd.util.MathUtilTest" time="0.001"/>
  <testcase name="testGenerateEventNumber{int}[198]" classname="com.itsz.springboot.tdd.util.MathUtilTest" time="0.001"/>
  <testcase name="testGenerateEventNumber{int}[199]" classname="com.itsz.springboot.tdd.util.MathUtilTest" time="0"/>
  <testcase name="testGenerateEventNumber{int}[200]" classname="com.itsz.springboot.tdd.util.MathUtilTest" time="0"/>
  <testcase name="testGenerateEventNumber{int}[201]" classname="com.itsz.springboot.tdd.util.MathUtilTest" time="0.001"/>
  <testcase name="testGenerateEventNumber{int}[202]" classname="com.itsz.springboot.tdd.util.MathUtilTest" time="0"/>
  <testcase name="testGenerateEventNumber{int}[203]" classname="com.itsz.springboot.tdd.util.MathUtilTest" time="0"/>
  <testcase name="testGenerateEventNumber{int}[204]" classname="com.itsz.springboot.tdd.util.MathUtilTest" time="0"/>
  <testcase name="testGenerateEventNumber{int}[205]" classname="com.itsz.springboot.tdd.util.MathUtilTest" time="0"/>
  <testcase name="testGenerateEventNumber{int}[206]" classname="com.itsz.springboot.tdd.util.MathUtilTest" time="0.001"/>
  <testcase name="testGenerateEventNumber{int}[207]" classname="com.itsz.springboot.tdd.util.MathUtilTest" time="0.001"/>
  <testcase name="testGenerateEventNumber{int}[208]" classname="com.itsz.springboot.tdd.util.MathUtilTest" time="0"/>
  <testcase name="testGenerateEventNumber{int}[209]" classname="com.itsz.springboot.tdd.util.MathUtilTest" time="0"/>
  <testcase name="testGenerateEventNumber{int}[210]" classname="com.itsz.springboot.tdd.util.MathUtilTest" time="0"/>
  <testcase name="testGenerateEventNumber{int}[211]" classname="com.itsz.springboot.tdd.util.MathUtilTest" time="0"/>
  <testcase name="testGenerateEventNumber{int}[212]" classname="com.itsz.springboot.tdd.util.MathUtilTest" time="0.001"/>
  <testcase name="testGenerateEventNumber{int}[213]" classname="com.itsz.springboot.tdd.util.MathUtilTest" time="0"/>
  <testcase name="testGenerateEventNumber{int}[214]" classname="com.itsz.springboot.tdd.util.MathUtilTest" time="0.001"/>
  <testcase name="testGenerateEventNumber{int}[215]" classname="com.itsz.springboot.tdd.util.MathUtilTest" time="0"/>
  <testcase name="testGenerateEventNumber{int}[216]" classname="com.itsz.springboot.tdd.util.MathUtilTest" time="0.002"/>
  <testcase name="testGenerateEventNumber{int}[217]" classname="com.itsz.springboot.tdd.util.MathUtilTest" time="0"/>
  <testcase name="testGenerateEventNumber{int}[218]" classname="com.itsz.springboot.tdd.util.MathUtilTest" time="0.001"/>
  <testcase name="testGenerateEventNumber{int}[219]" classname="com.itsz.springboot.tdd.util.MathUtilTest" time="0"/>
  <testcase name="testGenerateEventNumber{int}[220]" classname="com.itsz.springboot.tdd.util.MathUtilTest" time="0.001"/>
  <testcase name="testGenerateEventNumber{int}[221]" classname="com.itsz.springboot.tdd.util.MathUtilTest" time="0.001"/>
  <testcase name="testGenerateEventNumber{int}[222]" classname="com.itsz.springboot.tdd.util.MathUtilTest" time="0"/>
  <testcase name="testGenerateEventNumber{int}[223]" classname="com.itsz.springboot.tdd.util.MathUtilTest" time="0"/>
  <testcase name="testGenerateEventNumber{int}[224]" classname="com.itsz.springboot.tdd.util.MathUtilTest" time="0.001"/>
  <testcase name="testGenerateEventNumber{int}[225]" classname="com.itsz.springboot.tdd.util.MathUtilTest" time="0.001"/>
  <testcase name="testGenerateEventNumber{int}[226]" classname="com.itsz.springboot.tdd.util.MathUtilTest" time="0.001"/>
  <testcase name="testGenerateEventNumber{int}[227]" classname="com.itsz.springboot.tdd.util.MathUtilTest" time="0.002"/>
  <testcase name="testGenerateEventNumber{int}[228]" classname="com.itsz.springboot.tdd.util.MathUtilTest" time="0"/>
  <testcase name="testGenerateEventNumber{int}[229]" classname="com.itsz.springboot.tdd.util.MathUtilTest" time="0"/>
  <testcase name="testGenerateEventNumber{int}[230]" classname="com.itsz.springboot.tdd.util.MathUtilTest" time="0"/>
  <testcase name="testGenerateEventNumber{int}[231]" classname="com.itsz.springboot.tdd.util.MathUtilTest" time="0"/>
  <testcase name="testGenerateEventNumber{int}[232]" classname="com.itsz.springboot.tdd.util.MathUtilTest" time="0"/>
  <testcase name="testGenerateEventNumber{int}[233]" classname="com.itsz.springboot.tdd.util.MathUtilTest" time="0.002"/>
  <testcase name="testGenerateEventNumber{int}[234]" classname="com.itsz.springboot.tdd.util.MathUtilTest" time="0"/>
  <testcase name="testGenerateEventNumber{int}[235]" classname="com.itsz.springboot.tdd.util.MathUtilTest" time="0"/>
  <testcase name="testGenerateEventNumber{int}[236]" classname="com.itsz.springboot.tdd.util.MathUtilTest" time="0"/>
  <testcase name="testGenerateEventNumber{int}[237]" classname="com.itsz.springboot.tdd.util.MathUtilTest" time="0"/>
  <testcase name="testGenerateEventNumber{int}[238]" classname="com.itsz.springboot.tdd.util.MathUtilTest" time="0.001"/>
  <testcase name="testGenerateEventNumber{int}[239]" classname="com.itsz.springboot.tdd.util.MathUtilTest" time="0"/>
  <testcase name="testGenerateEventNumber{int}[240]" classname="com.itsz.springboot.tdd.util.MathUtilTest" time="0"/>
  <testcase name="testGenerateEventNumber{int}[241]" classname="com.itsz.springboot.tdd.util.MathUtilTest" time="0"/>
  <testcase name="testGenerateEventNumber{int}[242]" classname="com.itsz.springboot.tdd.util.MathUtilTest" time="0"/>
  <testcase name="testGenerateEventNumber{int}[243]" classname="com.itsz.springboot.tdd.util.MathUtilTest" time="0"/>
  <testcase name="testGenerateEventNumber{int}[244]" classname="com.itsz.springboot.tdd.util.MathUtilTest" time="0.002"/>
  <testcase name="testGenerateEventNumber{int}[245]" classname="com.itsz.springboot.tdd.util.MathUtilTest" time="0"/>
  <testcase name="testGenerateEventNumber{int}[246]" classname="com.itsz.springboot.tdd.util.MathUtilTest" time="0"/>
  <testcase name="testGenerateEventNumber{int}[247]" classname="com.itsz.springboot.tdd.util.MathUtilTest" time="0"/>
  <testcase name="testGenerateEventNumber{int}[248]" classname="com.itsz.springboot.tdd.util.MathUtilTest" time="0.001"/>
  <testcase name="testGenerateEventNumber{int}[249]" classname="com.itsz.springboot.tdd.util.MathUtilTest" time="0.004"/>
  <testcase name="testGenerateEventNumber{int}[250]" classname="com.itsz.springboot.tdd.util.MathUtilTest" time="0.001"/>
  <testcase name="testGenerateEventNumber{int}[251]" classname="com.itsz.springboot.tdd.util.MathUtilTest" time="0.003"/>
  <testcase name="testGenerateEventNumber{int}[252]" classname="com.itsz.springboot.tdd.util.MathUtilTest" time="0"/>
  <testcase name="testGenerateEventNumber{int}[253]" classname="com.itsz.springboot.tdd.util.MathUtilTest" time="0"/>
  <testcase name="testGenerateEventNumber{int}[254]" classname="com.itsz.springboot.tdd.util.MathUtilTest" time="0.001"/>
  <testcase name="testGenerateEventNumber{int}[255]" classname="com.itsz.springboot.tdd.util.MathUtilTest" time="0.002"/>
  <testcase name="testGenerateEventNumber{int}[256]" classname="com.itsz.springboot.tdd.util.MathUtilTest" time="0.001"/>
  <testcase name="testGenerateEventNumber{int}[257]" classname="com.itsz.springboot.tdd.util.MathUtilTest" time="0.001"/>
  <testcase name="testGenerateEventNumber{int}[258]" classname="com.itsz.springboot.tdd.util.MathUtilTest" time="0"/>
  <testcase name="testGenerateEventNumber{int}[259]" classname="com.itsz.springboot.tdd.util.MathUtilTest" time="0"/>
  <testcase name="testGenerateEventNumber{int}[260]" classname="com.itsz.springboot.tdd.util.MathUtilTest" time="0.001"/>
  <testcase name="testGenerateEventNumber{int}[261]" classname="com.itsz.springboot.tdd.util.MathUtilTest" time="0.001"/>
  <testcase name="testGenerateEventNumber{int}[262]" classname="com.itsz.springboot.tdd.util.MathUtilTest" time="0"/>
  <testcase name="testGenerateEventNumber{int}[263]" classname="com.itsz.springboot.tdd.util.MathUtilTest" time="0"/>
  <testcase name="testGenerateEventNumber{int}[264]" classname="com.itsz.springboot.tdd.util.MathUtilTest" time="0.001"/>
  <testcase name="testGenerateEventNumber{int}[265]" classname="com.itsz.springboot.tdd.util.MathUtilTest" time="0"/>
  <testcase name="testGenerateEventNumber{int}[266]" classname="com.itsz.springboot.tdd.util.MathUtilTest" time="0"/>
  <testcase name="testGenerateEventNumber{int}[267]" classname="com.itsz.springboot.tdd.util.MathUtilTest" time="0.001"/>
  <testcase name="testGenerateEventNumber{int}[268]" classname="com.itsz.springboot.tdd.util.MathUtilTest" time="0"/>
  <testcase name="testGenerateEventNumber{int}[269]" classname="com.itsz.springboot.tdd.util.MathUtilTest" time="0"/>
  <testcase name="testGenerateEventNumber{int}[270]" classname="com.itsz.springboot.tdd.util.MathUtilTest" time="0"/>
  <testcase name="testGenerateEventNumber{int}[271]" classname="com.itsz.springboot.tdd.util.MathUtilTest" time="0"/>
  <testcase name="testGenerateEventNumber{int}[272]" classname="com.itsz.springboot.tdd.util.MathUtilTest" time="0"/>
  <testcase name="testGenerateEventNumber{int}[273]" classname="com.itsz.springboot.tdd.util.MathUtilTest" time="0"/>
  <testcase name="testGenerateEventNumber{int}[274]" classname="com.itsz.springboot.tdd.util.MathUtilTest" time="0"/>
  <testcase name="testGenerateEventNumber{int}[275]" classname="com.itsz.springboot.tdd.util.MathUtilTest" time="0"/>
  <testcase name="testGenerateEventNumber{int}[276]" classname="com.itsz.springboot.tdd.util.MathUtilTest" time="0"/>
  <testcase name="testGenerateEventNumber{int}[277]" classname="com.itsz.springboot.tdd.util.MathUtilTest" time="0"/>
  <testcase name="testGenerateEventNumber{int}[278]" classname="com.itsz.springboot.tdd.util.MathUtilTest" time="0"/>
  <testcase name="testGenerateEventNumber{int}[279]" classname="com.itsz.springboot.tdd.util.MathUtilTest" time="0.001"/>
  <testcase name="testGenerateEventNumber{int}[280]" classname="com.itsz.springboot.tdd.util.MathUtilTest" time="0"/>
  <testcase name="testGenerateEventNumber{int}[281]" classname="com.itsz.springboot.tdd.util.MathUtilTest" time="0"/>
  <testcase name="testGenerateEventNumber{int}[282]" classname="com.itsz.springboot.tdd.util.MathUtilTest" time="0"/>
  <testcase name="testGenerateEventNumber{int}[283]" classname="com.itsz.springboot.tdd.util.MathUtilTest" time="0"/>
  <testcase name="testGenerateEventNumber{int}[284]" classname="com.itsz.springboot.tdd.util.MathUtilTest" time="0"/>
  <testcase name="testGenerateEventNumber{int}[285]" classname="com.itsz.springboot.tdd.util.MathUtilTest" time="0"/>
  <testcase name="testGenerateEventNumber{int}[286]" classname="com.itsz.springboot.tdd.util.MathUtilTest" time="0"/>
  <testcase name="testGenerateEventNumber{int}[287]" classname="com.itsz.springboot.tdd.util.MathUtilTest" time="0"/>
  <testcase name="testGenerateEventNumber{int}[288]" classname="com.itsz.springboot.tdd.util.MathUtilTest" time="0"/>
  <testcase name="testGenerateEventNumber{int}[289]" classname="com.itsz.springboot.tdd.util.MathUtilTest" time="0"/>
  <testcase name="testGenerateEventNumber{int}[290]" classname="com.itsz.springboot.tdd.util.MathUtilTest" time="0"/>
  <testcase name="testGenerateEventNumber{int}[291]" classname="com.itsz.springboot.tdd.util.MathUtilTest" time="0"/>
  <testcase name="testGenerateEventNumber{int}[292]" classname="com.itsz.springboot.tdd.util.MathUtilTest" time="0"/>
  <testcase name="testGenerateEventNumber{int}[293]" classname="com.itsz.springboot.tdd.util.MathUtilTest" time="0"/>
  <testcase name="testGenerateEventNumber{int}[294]" classname="com.itsz.springboot.tdd.util.MathUtilTest" time="0.002"/>
  <testcase name="testGenerateEventNumber{int}[295]" classname="com.itsz.springboot.tdd.util.MathUtilTest" time="0"/>
  <testcase name="testGenerateEventNumber{int}[296]" classname="com.itsz.springboot.tdd.util.MathUtilTest" time="0"/>
  <testcase name="testGenerateEventNumber{int}[297]" classname="com.itsz.springboot.tdd.util.MathUtilTest" time="0.001"/>
  <testcase name="testGenerateEventNumber{int}[298]" classname="com.itsz.springboot.tdd.util.MathUtilTest" time="0"/>
  <testcase name="testGenerateEventNumber{int}[299]" classname="com.itsz.springboot.tdd.util.MathUtilTest" time="0"/>
  <testcase name="testGenerateEventNumber{int}[300]" classname="com.itsz.springboot.tdd.util.MathUtilTest" time="0.001"/>
  <testcase name="testGenerateEventNumber{int}[301]" classname="com.itsz.springboot.tdd.util.MathUtilTest" time="0"/>
  <testcase name="testGenerateEventNumber{int}[302]" classname="com.itsz.springboot.tdd.util.MathUtilTest" time="0"/>
  <testcase name="testGenerateEventNumber{int}[303]" classname="com.itsz.springboot.tdd.util.MathUtilTest" time="0"/>
  <testcase name="testGenerateEventNumber{int}[304]" classname="com.itsz.springboot.tdd.util.MathUtilTest" time="0"/>
  <testcase name="testGenerateEventNumber{int}[305]" classname="com.itsz.springboot.tdd.util.MathUtilTest" time="0.001"/>
  <testcase name="testGenerateEventNumber{int}[306]" classname="com.itsz.springboot.tdd.util.MathUtilTest" time="0.001"/>
  <testcase name="testGenerateEventNumber{int}[307]" classname="com.itsz.springboot.tdd.util.MathUtilTest" time="0"/>
  <testcase name="testGenerateEventNumber{int}[308]" classname="com.itsz.springboot.tdd.util.MathUtilTest" time="0.001"/>
  <testcase name="testGenerateEventNumber{int}[309]" classname="com.itsz.springboot.tdd.util.MathUtilTest" time="0"/>
  <testcase name="testGenerateEventNumber{int}[310]" classname="com.itsz.springboot.tdd.util.MathUtilTest" time="0.001"/>
  <testcase name="testGenerateEventNumber{int}[311]" classname="com.itsz.springboot.tdd.util.MathUtilTest" time="0"/>
  <testcase name="testGenerateEventNumber{int}[312]" classname="com.itsz.springboot.tdd.util.MathUtilTest" time="0.001"/>
  <testcase name="testGenerateEventNumber{int}[313]" classname="com.itsz.springboot.tdd.util.MathUtilTest" time="0"/>
  <testcase name="testGenerateEventNumber{int}[314]" classname="com.itsz.springboot.tdd.util.MathUtilTest" time="0"/>
  <testcase name="testGenerateEventNumber{int}[315]" classname="com.itsz.springboot.tdd.util.MathUtilTest" time="0"/>
  <testcase name="testGenerateEventNumber{int}[316]" classname="com.itsz.springboot.tdd.util.MathUtilTest" time="0"/>
  <testcase name="testGenerateEventNumber{int}[317]" classname="com.itsz.springboot.tdd.util.MathUtilTest" time="0"/>
  <testcase name="testGenerateEventNumber{int}[318]" classname="com.itsz.springboot.tdd.util.MathUtilTest" time="0.001"/>
  <testcase name="testGenerateEventNumber{int}[319]" classname="com.itsz.springboot.tdd.util.MathUtilTest" time="0"/>
  <testcase name="testGenerateEventNumber{int}[320]" classname="com.itsz.springboot.tdd.util.MathUtilTest" time="0"/>
  <testcase name="testGenerateEventNumber{int}[321]" classname="com.itsz.springboot.tdd.util.MathUtilTest" time="0.001"/>
  <testcase name="testGenerateEventNumber{int}[322]" classname="com.itsz.springboot.tdd.util.MathUtilTest" time="0"/>
  <testcase name="testGenerateEventNumber{int}[323]" classname="com.itsz.springboot.tdd.util.MathUtilTest" time="0"/>
  <testcase name="testGenerateEventNumber{int}[324]" classname="com.itsz.springboot.tdd.util.MathUtilTest" time="0.001"/>
  <testcase name="testGenerateEventNumber{int}[325]" classname="com.itsz.springboot.tdd.util.MathUtilTest" time="0"/>
  <testcase name="testGenerateEventNumber{int}[326]" classname="com.itsz.springboot.tdd.util.MathUtilTest" time="0"/>
  <testcase name="testGenerateEventNumber{int}[327]" classname="com.itsz.springboot.tdd.util.MathUtilTest" time="0"/>
  <testcase name="testGenerateEventNumber{int}[328]" classname="com.itsz.springboot.tdd.util.MathUtilTest" time="0"/>
  <testcase name="testGenerateEventNumber{int}[329]" classname="com.itsz.springboot.tdd.util.MathUtilTest" time="0"/>
  <testcase name="testGenerateEventNumber{int}[330]" classname="com.itsz.springboot.tdd.util.MathUtilTest" time="0.019"/>
  <testcase name="testGenerateEventNumber{int}[331]" classname="com.itsz.springboot.tdd.util.MathUtilTest" time="0"/>
  <testcase name="testGenerateEventNumber{int}[332]" classname="com.itsz.springboot.tdd.util.MathUtilTest" time="0"/>
  <testcase name="testGenerateEventNumber{int}[333]" classname="com.itsz.springboot.tdd.util.MathUtilTest" time="0"/>
  <testcase name="testGenerateEventNumber{int}[334]" classname="com.itsz.springboot.tdd.util.MathUtilTest" time="0"/>
  <testcase name="testGenerateEventNumber{int}[335]" classname="com.itsz.springboot.tdd.util.MathUtilTest" time="0"/>
  <testcase name="testGenerateEventNumber{int}[336]" classname="com.itsz.springboot.tdd.util.MathUtilTest" time="0"/>
  <testcase name="testGenerateEventNumber{int}[337]" classname="com.itsz.springboot.tdd.util.MathUtilTest" time="0.001"/>
  <testcase name="testGenerateEventNumber{int}[338]" classname="com.itsz.springboot.tdd.util.MathUtilTest" time="0"/>
  <testcase name="testGenerateEventNumber{int}[339]" classname="com.itsz.springboot.tdd.util.MathUtilTest" time="0.001"/>
  <testcase name="testGenerateEventNumber{int}[340]" classname="com.itsz.springboot.tdd.util.MathUtilTest" time="0.001"/>
  <testcase name="testGenerateEventNumber{int}[341]" classname="com.itsz.springboot.tdd.util.MathUtilTest" time="0"/>
  <testcase name="testGenerateEventNumber{int}[342]" classname="com.itsz.springboot.tdd.util.MathUtilTest" time="0.001"/>
  <testcase name="testGenerateEventNumber{int}[343]" classname="com.itsz.springboot.tdd.util.MathUtilTest" time="0"/>
  <testcase name="testGenerateEventNumber{int}[344]" classname="com.itsz.springboot.tdd.util.MathUtilTest" time="0"/>
  <testcase name="testGenerateEventNumber{int}[345]" classname="com.itsz.springboot.tdd.util.MathUtilTest" time="0"/>
  <testcase name="testGenerateEventNumber{int}[346]" classname="com.itsz.springboot.tdd.util.MathUtilTest" time="0.001"/>
  <testcase name="testGenerateEventNumber{int}[347]" classname="com.itsz.springboot.tdd.util.MathUtilTest" time="0.001"/>
  <testcase name="testGenerateEventNumber{int}[348]" classname="com.itsz.springboot.tdd.util.MathUtilTest" time="0.001"/>
  <testcase name="testGenerateEventNumber{int}[349]" classname="com.itsz.springboot.tdd.util.MathUtilTest" time="0.001"/>
  <testcase name="testGenerateEventNumber{int}[350]" classname="com.itsz.springboot.tdd.util.MathUtilTest" time="0.002"/>
  <testcase name="testGenerateEventNumber{int}[351]" classname="com.itsz.springboot.tdd.util.MathUtilTest" time="0"/>
  <testcase name="testGenerateEventNumber{int}[352]" classname="com.itsz.springboot.tdd.util.MathUtilTest" time="0"/>
  <testcase name="testGenerateEventNumber{int}[353]" classname="com.itsz.springboot.tdd.util.MathUtilTest" time="0"/>
  <testcase name="testGenerateEventNumber{int}[354]" classname="com.itsz.springboot.tdd.util.MathUtilTest" time="0"/>
  <testcase name="testGenerateEventNumber{int}[355]" classname="com.itsz.springboot.tdd.util.MathUtilTest" time="0"/>
  <testcase name="testGenerateEventNumber{int}[356]" classname="com.itsz.springboot.tdd.util.MathUtilTest" time="0.001"/>
  <testcase name="testGenerateEventNumber{int}[357]" classname="com.itsz.springboot.tdd.util.MathUtilTest" time="0.001"/>
  <testcase name="testGenerateEventNumber{int}[358]" classname="com.itsz.springboot.tdd.util.MathUtilTest" time="0.001"/>
  <testcase name="testGenerateEventNumber{int}[359]" classname="com.itsz.springboot.tdd.util.MathUtilTest" time="0.001"/>
  <testcase name="testGenerateEventNumber{int}[360]" classname="com.itsz.springboot.tdd.util.MathUtilTest" time="0.001"/>
  <testcase name="testGenerateEventNumber{int}[361]" classname="com.itsz.springboot.tdd.util.MathUtilTest" time="0"/>
  <testcase name="testGenerateEventNumber{int}[362]" classname="com.itsz.springboot.tdd.util.MathUtilTest" time="0"/>
  <testcase name="testGenerateEventNumber{int}[363]" classname="com.itsz.springboot.tdd.util.MathUtilTest" time="0"/>
  <testcase name="testGenerateEventNumber{int}[364]" classname="com.itsz.springboot.tdd.util.MathUtilTest" time="0.001"/>
  <testcase name="testGenerateEventNumber{int}[365]" classname="com.itsz.springboot.tdd.util.MathUtilTest" time="0"/>
  <testcase name="testGenerateEventNumber{int}[366]" classname="com.itsz.springboot.tdd.util.MathUtilTest" time="0"/>
  <testcase name="testGenerateEventNumber{int}[367]" classname="com.itsz.springboot.tdd.util.MathUtilTest" time="0.002"/>
  <testcase name="testGenerateEventNumber{int}[368]" classname="com.itsz.springboot.tdd.util.MathUtilTest" time="0"/>
  <testcase name="testGenerateEventNumber{int}[369]" classname="com.itsz.springboot.tdd.util.MathUtilTest" time="0"/>
  <testcase name="testGenerateEventNumber{int}[370]" classname="com.itsz.springboot.tdd.util.MathUtilTest" time="0"/>
  <testcase name="testGenerateEventNumber{int}[371]" classname="com.itsz.springboot.tdd.util.MathUtilTest" time="0.001"/>
  <testcase name="testGenerateEventNumber{int}[372]" classname="com.itsz.springboot.tdd.util.MathUtilTest" time="0"/>
  <testcase name="testGenerateEventNumber{int}[373]" classname="com.itsz.springboot.tdd.util.MathUtilTest" time="0"/>
  <testcase name="testGenerateEventNumber{int}[374]" classname="com.itsz.springboot.tdd.util.MathUtilTest" time="0"/>
  <testcase name="testGenerateEventNumber{int}[375]" classname="com.itsz.springboot.tdd.util.MathUtilTest" time="0.001"/>
  <testcase name="testGenerateEventNumber{int}[376]" classname="com.itsz.springboot.tdd.util.MathUtilTest" time="0.001"/>
  <testcase name="testGenerateEventNumber{int}[377]" classname="com.itsz.springboot.tdd.util.MathUtilTest" time="0"/>
  <testcase name="testGenerateEventNumber{int}[378]" classname="com.itsz.springboot.tdd.util.MathUtilTest" time="0"/>
  <testcase name="testGenerateEventNumber{int}[379]" classname="com.itsz.springboot.tdd.util.MathUtilTest" time="0"/>
  <testcase name="testGenerateEventNumber{int}[380]" classname="com.itsz.springboot.tdd.util.MathUtilTest" time="0"/>
  <testcase name="testGenerateEventNumber{int}[381]" classname="com.itsz.springboot.tdd.util.MathUtilTest" time="0"/>
  <testcase name="testGenerateEventNumber{int}[382]" classname="com.itsz.springboot.tdd.util.MathUtilTest" time="0"/>
  <testcase name="testGenerateEventNumber{int}[383]" classname="com.itsz.springboot.tdd.util.MathUtilTest" time="0.001"/>
  <testcase name="testGenerateEventNumber{int}[384]" classname="com.itsz.springboot.tdd.util.MathUtilTest" time="0.001"/>
  <testcase name="testGenerateEventNumber{int}[385]" classname="com.itsz.springboot.tdd.util.MathUtilTest" time="0"/>
  <testcase name="testGenerateEventNumber{int}[386]" classname="com.itsz.springboot.tdd.util.MathUtilTest" time="0"/>
  <testcase name="testGenerateEventNumber{int}[387]" classname="com.itsz.springboot.tdd.util.MathUtilTest" time="0"/>
  <testcase name="testGenerateEventNumber{int}[388]" classname="com.itsz.springboot.tdd.util.MathUtilTest" time="0"/>
  <testcase name="testGenerateEventNumber{int}[389]" classname="com.itsz.springboot.tdd.util.MathUtilTest" time="0"/>
  <testcase name="testGenerateEventNumber{int}[390]" classname="com.itsz.springboot.tdd.util.MathUtilTest" time="0"/>
  <testcase name="testGenerateEventNumber{int}[391]" classname="com.itsz.springboot.tdd.util.MathUtilTest" time="0"/>
  <testcase name="testGenerateEventNumber{int}[392]" classname="com.itsz.springboot.tdd.util.MathUtilTest" time="0"/>
  <testcase name="testGenerateEventNumber{int}[393]" classname="com.itsz.springboot.tdd.util.MathUtilTest" time="0"/>
  <testcase name="testGenerateEventNumber{int}[394]" classname="com.itsz.springboot.tdd.util.MathUtilTest" time="0"/>
  <testcase name="testGenerateEventNumber{int}[395]" classname="com.itsz.springboot.tdd.util.MathUtilTest" time="0"/>
  <testcase name="testGenerateEventNumber{int}[396]" classname="com.itsz.springboot.tdd.util.MathUtilTest" time="0"/>
  <testcase name="testGenerateEventNumber{int}[397]" classname="com.itsz.springboot.tdd.util.MathUtilTest" time="0"/>
  <testcase name="testGenerateEventNumber{int}[398]" classname="com.itsz.springboot.tdd.util.MathUtilTest" time="0"/>
  <testcase name="testGenerateEventNumber{int}[399]" classname="com.itsz.springboot.tdd.util.MathUtilTest" time="0.001"/>
  <testcase name="testGenerateEventNumber{int}[400]" classname="com.itsz.springboot.tdd.util.MathUtilTest" time="0.001"/>
  <testcase name="testGenerateEventNumber{int}[401]" classname="com.itsz.springboot.tdd.util.MathUtilTest" time="0"/>
  <testcase name="testGenerateEventNumber{int}[402]" classname="com.itsz.springboot.tdd.util.MathUtilTest" time="0.001"/>
  <testcase name="testGenerateEventNumber{int}[403]" classname="com.itsz.springboot.tdd.util.MathUtilTest" time="0.001"/>
  <testcase name="testGenerateEventNumber{int}[404]" classname="com.itsz.springboot.tdd.util.MathUtilTest" time="0.001"/>
  <testcase name="testGenerateEventNumber{int}[405]" classname="com.itsz.springboot.tdd.util.MathUtilTest" time="0"/>
  <testcase name="testGenerateEventNumber{int}[406]" classname="com.itsz.springboot.tdd.util.MathUtilTest" time="0"/>
  <testcase name="testGenerateEventNumber{int}[407]" classname="com.itsz.springboot.tdd.util.MathUtilTest" time="0"/>
  <testcase name="testGenerateEventNumber{int}[408]" classname="com.itsz.springboot.tdd.util.MathUtilTest" time="0"/>
  <testcase name="testGenerateEventNumber{int}[409]" classname="com.itsz.springboot.tdd.util.MathUtilTest" time="0"/>
  <testcase name="testGenerateEventNumber{int}[410]" classname="com.itsz.springboot.tdd.util.MathUtilTest" time="0"/>
  <testcase name="testGenerateEventNumber{int}[411]" classname="com.itsz.springboot.tdd.util.MathUtilTest" time="0"/>
  <testcase name="testGenerateEventNumber{int}[412]" classname="com.itsz.springboot.tdd.util.MathUtilTest" time="0"/>
  <testcase name="testGenerateEventNumber{int}[413]" classname="com.itsz.springboot.tdd.util.MathUtilTest" time="0"/>
  <testcase name="testGenerateEventNumber{int}[414]" classname="com.itsz.springboot.tdd.util.MathUtilTest" time="0.001"/>
  <testcase name="testGenerateEventNumber{int}[415]" classname="com.itsz.springboot.tdd.util.MathUtilTest" time="0"/>
  <testcase name="testGenerateEventNumber{int}[416]" classname="com.itsz.springboot.tdd.util.MathUtilTest" time="0"/>
  <testcase name="testGenerateEventNumber{int}[417]" classname="com.itsz.springboot.tdd.util.MathUtilTest" time="0"/>
  <testcase name="testGenerateEventNumber{int}[418]" classname="com.itsz.springboot.tdd.util.MathUtilTest" time="0"/>
  <testcase name="testGenerateEventNumber{int}[419]" classname="com.itsz.springboot.tdd.util.MathUtilTest" time="0"/>
  <testcase name="testGenerateEventNumber{int}[420]" classname="com.itsz.springboot.tdd.util.MathUtilTest" time="0"/>
  <testcase name="testGenerateEventNumber{int}[421]" classname="com.itsz.springboot.tdd.util.MathUtilTest" time="0.001"/>
  <testcase name="testGenerateEventNumber{int}[422]" classname="com.itsz.springboot.tdd.util.MathUtilTest" time="0.001"/>
  <testcase name="testGenerateEventNumber{int}[423]" classname="com.itsz.springboot.tdd.util.MathUtilTest" time="0"/>
  <testcase name="testGenerateEventNumber{int}[424]" classname="com.itsz.springboot.tdd.util.MathUtilTest" time="0"/>
  <testcase name="testGenerateEventNumber{int}[425]" classname="com.itsz.springboot.tdd.util.MathUtilTest" time="0"/>
  <testcase name="testGenerateEventNumber{int}[426]" classname="com.itsz.springboot.tdd.util.MathUtilTest" time="0"/>
  <testcase name="testGenerateEventNumber{int}[427]" classname="com.itsz.springboot.tdd.util.MathUtilTest" time="0.001"/>
  <testcase name="testGenerateEventNumber{int}[428]" classname="com.itsz.springboot.tdd.util.MathUtilTest" time="0"/>
  <testcase name="testGenerateEventNumber{int}[429]" classname="com.itsz.springboot.tdd.util.MathUtilTest" time="0.001"/>
  <testcase name="testGenerateEventNumber{int}[430]" classname="com.itsz.springboot.tdd.util.MathUtilTest" time="0"/>
  <testcase name="testGenerateEventNumber{int}[431]" classname="com.itsz.springboot.tdd.util.MathUtilTest" time="0.001"/>
  <testcase name="testGenerateEventNumber{int}[432]" classname="com.itsz.springboot.tdd.util.MathUtilTest" time="0"/>
  <testcase name="testGenerateEventNumber{int}[433]" classname="com.itsz.springboot.tdd.util.MathUtilTest" time="0.001"/>
  <testcase name="testGenerateEventNumber{int}[434]" classname="com.itsz.springboot.tdd.util.MathUtilTest" time="0"/>
  <testcase name="testGenerateEventNumber{int}[435]" classname="com.itsz.springboot.tdd.util.MathUtilTest" time="0"/>
  <testcase name="testGenerateEventNumber{int}[436]" classname="com.itsz.springboot.tdd.util.MathUtilTest" time="0"/>
  <testcase name="testGenerateEventNumber{int}[437]" classname="com.itsz.springboot.tdd.util.MathUtilTest" time="0"/>
  <testcase name="testGenerateEventNumber{int}[438]" classname="com.itsz.springboot.tdd.util.MathUtilTest" time="0.001"/>
  <testcase name="testGenerateEventNumber{int}[439]" classname="com.itsz.springboot.tdd.util.MathUtilTest" time="0"/>
  <testcase name="testGenerateEventNumber{int}[440]" classname="com.itsz.springboot.tdd.util.MathUtilTest" time="0.001"/>
  <testcase name="testGenerateEventNumber{int}[441]" classname="com.itsz.springboot.tdd.util.MathUtilTest" time="0"/>
  <testcase name="testGenerateEventNumber{int}[442]" classname="com.itsz.springboot.tdd.util.MathUtilTest" time="0"/>
  <testcase name="testGenerateEventNumber{int}[443]" classname="com.itsz.springboot.tdd.util.MathUtilTest" time="0"/>
  <testcase name="testGenerateEventNumber{int}[444]" classname="com.itsz.springboot.tdd.util.MathUtilTest" time="0"/>
  <testcase name="testGenerateEventNumber{int}[445]" classname="com.itsz.springboot.tdd.util.MathUtilTest" time="0.001"/>
  <testcase name="testGenerateEventNumber{int}[446]" classname="com.itsz.springboot.tdd.util.MathUtilTest" time="0"/>
  <testcase name="testGenerateEventNumber{int}[447]" classname="com.itsz.springboot.tdd.util.MathUtilTest" time="0"/>
  <testcase name="testGenerateEventNumber{int}[448]" classname="com.itsz.springboot.tdd.util.MathUtilTest" time="0"/>
  <testcase name="testGenerateEventNumber{int}[449]" classname="com.itsz.springboot.tdd.util.MathUtilTest" time="0.001"/>
  <testcase name="testGenerateEventNumber{int}[450]" classname="com.itsz.springboot.tdd.util.MathUtilTest" time="0"/>
  <testcase name="testGenerateEventNumber{int}[451]" classname="com.itsz.springboot.tdd.util.MathUtilTest" time="0"/>
  <testcase name="testGenerateEventNumber{int}[452]" classname="com.itsz.springboot.tdd.util.MathUtilTest" time="0"/>
  <testcase name="testGenerateEventNumber{int}[453]" classname="com.itsz.springboot.tdd.util.MathUtilTest" time="0"/>
  <testcase name="testGenerateEventNumber{int}[454]" classname="com.itsz.springboot.tdd.util.MathUtilTest" time="0"/>
  <testcase name="testGenerateEventNumber{int}[455]" classname="com.itsz.springboot.tdd.util.MathUtilTest" time="0"/>
  <testcase name="testGenerateEventNumber{int}[456]" classname="com.itsz.springboot.tdd.util.MathUtilTest" time="0"/>
  <testcase name="testGenerateEventNumber{int}[457]" classname="com.itsz.springboot.tdd.util.MathUtilTest" time="0"/>
  <testcase name="testGenerateEventNumber{int}[458]" classname="com.itsz.springboot.tdd.util.MathUtilTest" time="0"/>
  <testcase name="testGenerateEventNumber{int}[459]" classname="com.itsz.springboot.tdd.util.MathUtilTest" time="0"/>
  <testcase name="testGenerateEventNumber{int}[460]" classname="com.itsz.springboot.tdd.util.MathUtilTest" time="0"/>
  <testcase name="testGenerateEventNumber{int}[461]" classname="com.itsz.springboot.tdd.util.MathUtilTest" time="0"/>
  <testcase name="testGenerateEventNumber{int}[462]" classname="com.itsz.springboot.tdd.util.MathUtilTest" time="0"/>
  <testcase name="testGenerateEventNumber{int}[463]" classname="com.itsz.springboot.tdd.util.MathUtilTest" time="0"/>
  <testcase name="testGenerateEventNumber{int}[464]" classname="com.itsz.springboot.tdd.util.MathUtilTest" time="0"/>
  <testcase name="testGenerateEventNumber{int}[465]" classname="com.itsz.springboot.tdd.util.MathUtilTest" time="0"/>
  <testcase name="testGenerateEventNumber{int}[466]" classname="com.itsz.springboot.tdd.util.MathUtilTest" time="0"/>
  <testcase name="testGenerateEventNumber{int}[467]" classname="com.itsz.springboot.tdd.util.MathUtilTest" time="0"/>
  <testcase name="testGenerateEventNumber{int}[468]" classname="com.itsz.springboot.tdd.util.MathUtilTest" time="0"/>
  <testcase name="testGenerateEventNumber{int}[469]" classname="com.itsz.springboot.tdd.util.MathUtilTest" time="0.001"/>
  <testcase name="testGenerateEventNumber{int}[470]" classname="com.itsz.springboot.tdd.util.MathUtilTest" time="0"/>
  <testcase name="testGenerateEventNumber{int}[471]" classname="com.itsz.springboot.tdd.util.MathUtilTest" time="0"/>
  <testcase name="testGenerateEventNumber{int}[472]" classname="com.itsz.springboot.tdd.util.MathUtilTest" time="0"/>
  <testcase name="testGenerateEventNumber{int}[473]" classname="com.itsz.springboot.tdd.util.MathUtilTest" time="0"/>
  <testcase name="testGenerateEventNumber{int}[474]" classname="com.itsz.springboot.tdd.util.MathUtilTest" time="0"/>
  <testcase name="testGenerateEventNumber{int}[475]" classname="com.itsz.springboot.tdd.util.MathUtilTest" time="0"/>
  <testcase name="testGenerateEventNumber{int}[476]" classname="com.itsz.springboot.tdd.util.MathUtilTest" time="0"/>
  <testcase name="testGenerateEventNumber{int}[477]" classname="com.itsz.springboot.tdd.util.MathUtilTest" time="0"/>
  <testcase name="testGenerateEventNumber{int}[478]" classname="com.itsz.springboot.tdd.util.MathUtilTest" time="0"/>
  <testcase name="testGenerateEventNumber{int}[479]" classname="com.itsz.springboot.tdd.util.MathUtilTest" time="0"/>
  <testcase name="testGenerateEventNumber{int}[480]" classname="com.itsz.springboot.tdd.util.MathUtilTest" time="0"/>
  <testcase name="testGenerateEventNumber{int}[481]" classname="com.itsz.springboot.tdd.util.MathUtilTest" time="0"/>
  <testcase name="testGenerateEventNumber{int}[482]" classname="com.itsz.springboot.tdd.util.MathUtilTest" time="0"/>
  <testcase name="testGenerateEventNumber{int}[483]" classname="com.itsz.springboot.tdd.util.MathUtilTest" time="0"/>
  <testcase name="testGenerateEventNumber{int}[484]" classname="com.itsz.springboot.tdd.util.MathUtilTest" time="0"/>
  <testcase name="testGenerateEventNumber{int}[485]" classname="com.itsz.springboot.tdd.util.MathUtilTest" time="0.001"/>
  <testcase name="testGenerateEventNumber{int}[486]" classname="com.itsz.springboot.tdd.util.MathUtilTest" time="0"/>
  <testcase name="testGenerateEventNumber{int}[487]" classname="com.itsz.springboot.tdd.util.MathUtilTest" time="0"/>
  <testcase name="testGenerateEventNumber{int}[488]" classname="com.itsz.springboot.tdd.util.MathUtilTest" time="0.001"/>
  <testcase name="testGenerateEventNumber{int}[489]" classname="com.itsz.springboot.tdd.util.MathUtilTest" time="0"/>
  <testcase name="testGenerateEventNumber{int}[490]" classname="com.itsz.springboot.tdd.util.MathUtilTest" time="0"/>
  <testcase name="testGenerateEventNumber{int}[491]" classname="com.itsz.springboot.tdd.util.MathUtilTest" time="0"/>
  <testcase name="testGenerateEventNumber{int}[492]" classname="com.itsz.springboot.tdd.util.MathUtilTest" time="0"/>
  <testcase name="testGenerateEventNumber{int}[493]" classname="com.itsz.springboot.tdd.util.MathUtilTest" time="0"/>
  <testcase name="testGenerateEventNumber{int}[494]" classname="com.itsz.springboot.tdd.util.MathUtilTest" time="0"/>
  <testcase name="testGenerateEventNumber{int}[495]" classname="com.itsz.springboot.tdd.util.MathUtilTest" time="0.001"/>
  <testcase name="testGenerateEventNumber{int}[496]" classname="com.itsz.springboot.tdd.util.MathUtilTest" time="0"/>
  <testcase name="testGenerateEventNumber{int}[497]" classname="com.itsz.springboot.tdd.util.MathUtilTest" time="0"/>
  <testcase name="testGenerateEventNumber{int}[498]" classname="com.itsz.springboot.tdd.util.MathUtilTest" time="0"/>
  <testcase name="testGenerateEventNumber{int}[499]" classname="com.itsz.springboot.tdd.util.MathUtilTest" time="0"/>
  <testcase name="testGenerateEventNumber{int}[500]" classname="com.itsz.springboot.tdd.util.MathUtilTest" time="0"/>
  <testcase name="testIsEvenNumber[1]" classname="com.itsz.springboot.tdd.util.MathUtilTest" time="0.002"/>
  <testcase name="testIsEvenNumber[2]" classname="com.itsz.springboot.tdd.util.MathUtilTest" time="0.001"/>
  <testcase name="testIsEvenNumber[3]" classname="com.itsz.springboot.tdd.util.MathUtilTest" time="0"/>
  <testcase name="testIsEvenNumber[4]" classname="com.itsz.springboot.tdd.util.MathUtilTest" time="0"/>
  <testcase name="testIsEvenNumber[5]" classname="com.itsz.springboot.tdd.util.MathUtilTest" time="0"/>
  <testcase name="testConvertToDecimal" classname="com.itsz.springboot.tdd.util.MathUtilTest" time="0.001"/>
</testsuite>