<?xml version="1.0" encoding="UTF-8"?>
<testsuite xmlns:xsi="http://www.w3.org/2001/XMLSchema-instance" xsi:noNamespaceSchemaLocation="https://maven.apache.org/surefire/maven-surefire-plugin/xsd/surefire-test-report.xsd" name="com.itsz.springboot.tdd.service.UserServiceTest" time="6.204" tests="2" errors="0" skipped="0" failures="0">
  <properties>
[...]
</properties>
  <testcase name="testSaveUSer" classname="com.itsz.springboot.tdd.service.UserServiceTest" time="0.371"/>
  <testcase name="testFindAllUser" classname="com.itsz.springboot.tdd.service.UserServiceTest" time="0.089"/>
</testsuite>